<?xml version="1.0" encoding="UTF-8"?>
<!-- Generated by org.testng.reporters.JUnitReportReporter -->
<testsuite hostname="Shihab" name="test.AddCustomerTest" tests="1" failures="0" timestamp="6 May 2023 17:45:25 GMT" time="11.612" errors="0">
  <testcase name="userShouldBeAbleToAddCustomer" time="11.612" classname="test.AddCustomerTest"/>
</testsuite> <!-- test.AddCustomerTest -->
