<?xml version="1.0" encoding="UTF-8"?>
<!-- Generated by org.testng.reporters.JUnitReportReporter -->
<testsuite hostname="Shihab" name="test.LoginTest" tests="1" failures="0" timestamp="6 May 2023 16:48:10 GMT" time="4.894" errors="0">
  <testcase name="userShouldBeAbleToLogin" time="4.894" classname="test.LoginTest"/>
</testsuite> <!-- test.LoginTest -->
