<?xml version="1.0" encoding="UTF-8"?>
<!-- Generated by org.testng.reporters.JUnitReportReporter -->
<testsuite hostname="Shihab" name="test.ListCustomerTest" tests="1" failures="0" timestamp="6 May 2023 18:17:22 GMT" time="20.777" errors="0">
  <testcase name="userShouldBeAbleToAddCustomerFromListCustomer" time="20.777" classname="test.ListCustomerTest"/>
</testsuite> <!-- test.ListCustomerTest -->
